[ERROR] [09:54:15] bsh.This - MESSSAGE: nullSTACKTRACE: com.gateside.autotesting.Gat.util.FileHelper.traverseFolder(FileHelper.java:29)com.gateside.autotesting.Gat.manager.StepsCaseImporter.getFilePath(StepsCaseImporter.java:28)com.gateside.autotesting.Gat.manager.InterfaceStepsCaseImporter.doImport(InterfaceStepsCaseImporter.java:34)com.gateside.autotesting.Gat.unittest.FileHelperTest.doImportTest(FileHelperTest.java:28)sun.reflect.NativeMethodAccessorImpl.invoke0(Native Method)sun.reflect.NativeMethodAccessorImpl.invoke(NativeMethodAccessorImpl.java:57)sun.reflect.DelegatingMethodAccessorImpl.invoke(DelegatingMethodAccessorImpl.java:43)java.lang.reflect.Method.invoke(Method.java:606)org.testng.internal.MethodInvocationHelper.invokeMethod(MethodInvocationHelper.java:85)org.testng.internal.Invoker.invokeMethod(Invoker.java:659)org.testng.internal.Invoker.invokeTestMethod(Invoker.java:845)org.testng.internal.Invoker.invokeTestMethods(Invoker.java:1153)org.testng.internal.TestMethodWorker.invokeTestMethods(TestMethodWorker.java:125)org.testng.internal.TestMethodWorker.run(TestMethodWorker.java:108)org.testng.TestRunner.privateRun(TestRunner.java:771)org.testng.TestRunner.run(TestRunner.java:621)org.testng.SuiteRunner.runTest(SuiteRunner.java:357)org.testng.SuiteRunner.runSequentially(SuiteRunner.java:352)org.testng.SuiteRunner.privateRun(SuiteRunner.java:310)org.testng.SuiteRunner.run(SuiteRunner.java:259)org.testng.SuiteRunnerWorker.runSuite(SuiteRunnerWorker.java:52)org.testng.SuiteRunnerWorker.run(SuiteRunnerWorker.java:86)org.testng.TestNG.runSuitesSequentially(TestNG.java:1199)org.testng.TestNG.runSuitesLocally(TestNG.java:1124)org.testng.TestNG.run(TestNG.java:1032)org.testng.remote.AbstractRemoteTestNG.run(AbstractRemoteTestNG.java:132)org.testng.remote.RemoteTestNG.initAndRun(RemoteTestNG.java:230)org.testng.remote.RemoteTestNG.main(RemoteTestNG.java:76)
  [ERROR] [09:58:01] com.gateside.autotesting.Lib.common.SimpleLogger - MESSSAGE: Attribute 'IsActive' does not have a match in class com.gateside.autotesting.Gat.dataobject.testcase.InterfaceStepsCase at line 1STACKTRACE: org.simpleframework.xml.core.Composite.readAttribute(Composite.java:494)org.simpleframework.xml.core.Composite.readAttributes(Composite.java:413)org.simpleframework.xml.core.Composite.access$300(Composite.java:59)org.simpleframework.xml.core.Composite$Builder.read(Composite.java:1382)org.simpleframework.xml.core.Composite.read(Composite.java:201)org.simpleframework.xml.core.Composite.read(Composite.java:148)org.simpleframework.xml.core.Traverser.read(Traverser.java:92)org.simpleframework.xml.core.Persister.read(Persister.java:625)org.simpleframework.xml.core.Persister.read(Persister.java:606)org.simpleframework.xml.core.Persister.read(Persister.java:584)org.simpleframework.xml.core.Persister.read(Persister.java:562)org.simpleframework.xml.core.Persister.read(Persister.java:499)org.simpleframework.xml.core.Persister.read(Persister.java:408)com.gateside.autotesting.Lib.xmlService.XMLSerializer.XMLToObject(XMLSerializer.java:48)com.gateside.autotesting.Gat.manager.InterfaceStepsCaseManager.getAllTestCase(InterfaceStepsCaseManager.java:44)com.gateside.autotesting.Gat.manager.InterfaceStepsCaseImporter.getItems(InterfaceStepsCaseImporter.java:80)com.gateside.autotesting.Gat.manager.InterfaceStepsCaseImporter.doImport(InterfaceStepsCaseImporter.java:40)com.gateside.autotesting.Gat.unittest.FileHelperTest.doImportTest(FileHelperTest.java:28)sun.reflect.NativeMethodAccessorImpl.invoke0(Native Method)sun.reflect.NativeMethodAccessorImpl.invoke(NativeMethodAccessorImpl.java:57)sun.reflect.DelegatingMethodAccessorImpl.invoke(DelegatingMethodAccessorImpl.java:43)java.lang.reflect.Method.invoke(Method.java:606)org.testng.internal.MethodInvocationHelper.invokeMethod(MethodInvocationHelper.java:85)org.testng.internal.Invoker.invokeMethod(Invoker.java:659)org.testng.internal.Invoker.invokeTestMethod(Invoker.java:845)org.testng.internal.Invoker.invokeTestMethods(Invoker.java:1153)org.testng.internal.TestMethodWorker.invokeTestMethods(TestMethodWorker.java:125)org.testng.internal.TestMethodWorker.run(TestMethodWorker.java:108)org.testng.TestRunner.privateRun(TestRunner.java:771)org.testng.TestRunner.run(TestRunner.java:621)org.testng.SuiteRunner.runTest(SuiteRunner.java:357)org.testng.SuiteRunner.runSequentially(SuiteRunner.java:352)org.testng.SuiteRunner.privateRun(SuiteRunner.java:310)org.testng.SuiteRunner.run(SuiteRunner.java:259)org.testng.SuiteRunnerWorker.runSuite(SuiteRunnerWorker.java:52)org.testng.SuiteRunnerWorker.run(SuiteRunnerWorker.java:86)org.testng.TestNG.runSuitesSequentially(TestNG.java:1199)org.testng.TestNG.runSuitesLocally(TestNG.java:1124)org.testng.TestNG.run(TestNG.java:1032)org.testng.remote.AbstractRemoteTestNG.run(AbstractRemoteTestNG.java:132)org.testng.remote.RemoteTestNG.initAndRun(RemoteTestNG.java:230)org.testng.remote.RemoteTestNG.main(RemoteTestNG.java:76)
  [ERROR] [09:58:01] com.gateside.autotesting.Gat.manager.InterfaceStepsCaseImporter - MESSSAGE: nullSTACKTRACE: com.gateside.autotesting.Gat.manager.InterfaceStepsCaseManager.resetAssembly(InterfaceStepsCaseManager.java:82)com.gateside.autotesting.Gat.manager.InterfaceStepsCaseManager.formatTestCase(InterfaceStepsCaseManager.java:53)com.gateside.autotesting.Gat.manager.InterfaceStepsCaseManager.getAllTestCase(InterfaceStepsCaseManager.java:45)com.gateside.autotesting.Gat.manager.InterfaceStepsCaseImporter.getItems(InterfaceStepsCaseImporter.java:80)com.gateside.autotesting.Gat.manager.InterfaceStepsCaseImporter.doImport(InterfaceStepsCaseImporter.java:40)com.gateside.autotesting.Gat.unittest.FileHelperTest.doImportTest(FileHelperTest.java:28)sun.reflect.NativeMethodAccessorImpl.invoke0(Native Method)sun.reflect.NativeMethodAccessorImpl.invoke(NativeMethodAccessorImpl.java:57)sun.reflect.DelegatingMethodAccessorImpl.invoke(DelegatingMethodAccessorImpl.java:43)java.lang.reflect.Method.invoke(Method.java:606)org.testng.internal.MethodInvocationHelper.invokeMethod(MethodInvocationHelper.java:85)org.testng.internal.Invoker.invokeMethod(Invoker.java:659)org.testng.internal.Invoker.invokeTestMethod(Invoker.java:845)org.testng.internal.Invoker.invokeTestMethods(Invoker.java:1153)org.testng.internal.TestMethodWorker.invokeTestMethods(TestMethodWorker.java:125)org.testng.internal.TestMethodWorker.run(TestMethodWorker.java:108)org.testng.TestRunner.privateRun(TestRunner.java:771)org.testng.TestRunner.run(TestRunner.java:621)org.testng.SuiteRunner.runTest(SuiteRunner.java:357)org.testng.SuiteRunner.runSequentially(SuiteRunner.java:352)org.testng.SuiteRunner.privateRun(SuiteRunner.java:310)org.testng.SuiteRunner.run(SuiteRunner.java:259)org.testng.SuiteRunnerWorker.runSuite(SuiteRunnerWorker.java:52)org.testng.SuiteRunnerWorker.run(SuiteRunnerWorker.java:86)org.testng.TestNG.runSuitesSequentially(TestNG.java:1199)org.testng.TestNG.runSuitesLocally(TestNG.java:1124)org.testng.TestNG.run(TestNG.java:1032)org.testng.remote.AbstractRemoteTestNG.run(AbstractRemoteTestNG.java:132)org.testng.remote.RemoteTestNG.initAndRun(RemoteTestNG.java:230)org.testng.remote.RemoteTestNG.main(RemoteTestNG.java:76)
  [ERROR] [10:03:34] com.gateside.autotesting.Lib.common.SimpleLogger - MESSSAGE: Attribute 'Active' does not have a match in class com.gateside.autotesting.Gat.dataobject.testcase.InterfaceStepsCase at line 1STACKTRACE: org.simpleframework.xml.core.Composite.readAttribute(Composite.java:494)org.simpleframework.xml.core.Composite.readAttributes(Composite.java:413)org.simpleframework.xml.core.Composite.access$300(Composite.java:59)org.simpleframework.xml.core.Composite$Builder.read(Composite.java:1382)org.simpleframework.xml.core.Composite.read(Composite.java:201)org.simpleframework.xml.core.Composite.read(Composite.java:148)org.simpleframework.xml.core.Traverser.read(Traverser.java:92)org.simpleframework.xml.core.Persister.read(Persister.java:625)org.simpleframework.xml.core.Persister.read(Persister.java:606)org.simpleframework.xml.core.Persister.read(Persister.java:584)org.simpleframework.xml.core.Persister.read(Persister.java:562)org.simpleframework.xml.core.Persister.read(Persister.java:499)org.simpleframework.xml.core.Persister.read(Persister.java:408)com.gateside.autotesting.Lib.xmlService.XMLSerializer.XMLToObject(XMLSerializer.java:48)com.gateside.autotesting.Gat.manager.InterfaceStepsCaseManager.getAllTestCase(InterfaceStepsCaseManager.java:44)com.gateside.autotesting.Gat.manager.InterfaceStepsCaseImporter.getItems(InterfaceStepsCaseImporter.java:80)com.gateside.autotesting.Gat.manager.InterfaceStepsCaseImporter.doImport(InterfaceStepsCaseImporter.java:40)com.gateside.autotesting.Gat.unittest.FileHelperTest.doImportTest(FileHelperTest.java:28)sun.reflect.NativeMethodAccessorImpl.invoke0(Native Method)sun.reflect.NativeMethodAccessorImpl.invoke(NativeMethodAccessorImpl.java:57)sun.reflect.DelegatingMethodAccessorImpl.invoke(DelegatingMethodAccessorImpl.java:43)java.lang.reflect.Method.invoke(Method.java:606)org.testng.internal.MethodInvocationHelper.invokeMethod(MethodInvocationHelper.java:85)org.testng.internal.Invoker.invokeMethod(Invoker.java:659)org.testng.internal.Invoker.invokeTestMethod(Invoker.java:845)org.testng.internal.Invoker.invokeTestMethods(Invoker.java:1153)org.testng.internal.TestMethodWorker.invokeTestMethods(TestMethodWorker.java:125)org.testng.internal.TestMethodWorker.run(TestMethodWorker.java:108)org.testng.TestRunner.privateRun(TestRunner.java:771)org.testng.TestRunner.run(TestRunner.java:621)org.testng.SuiteRunner.runTest(SuiteRunner.java:357)org.testng.SuiteRunner.runSequentially(SuiteRunner.java:352)org.testng.SuiteRunner.privateRun(SuiteRunner.java:310)org.testng.SuiteRunner.run(SuiteRunner.java:259)org.testng.SuiteRunnerWorker.runSuite(SuiteRunnerWorker.java:52)org.testng.SuiteRunnerWorker.run(SuiteRunnerWorker.java:86)org.testng.TestNG.runSuitesSequentially(TestNG.java:1199)org.testng.TestNG.runSuitesLocally(TestNG.java:1124)org.testng.TestNG.run(TestNG.java:1032)org.testng.remote.AbstractRemoteTestNG.run(AbstractRemoteTestNG.java:132)org.testng.remote.RemoteTestNG.initAndRun(RemoteTestNG.java:230)org.testng.remote.RemoteTestNG.main(RemoteTestNG.java:76)
  [ERROR] [10:03:34] com.gateside.autotesting.Gat.manager.InterfaceStepsCaseImporter - MESSSAGE: nullSTACKTRACE: com.gateside.autotesting.Gat.manager.InterfaceStepsCaseManager.resetAssembly(InterfaceStepsCaseManager.java:82)com.gateside.autotesting.Gat.manager.InterfaceStepsCaseManager.formatTestCase(InterfaceStepsCaseManager.java:53)com.gateside.autotesting.Gat.manager.InterfaceStepsCaseManager.getAllTestCase(InterfaceStepsCaseManager.java:45)com.gateside.autotesting.Gat.manager.InterfaceStepsCaseImporter.getItems(InterfaceStepsCaseImporter.java:80)com.gateside.autotesting.Gat.manager.InterfaceStepsCaseImporter.doImport(InterfaceStepsCaseImporter.java:40)com.gateside.autotesting.Gat.unittest.FileHelperTest.doImportTest(FileHelperTest.java:28)sun.reflect.NativeMethodAccessorImpl.invoke0(Native Method)sun.reflect.NativeMethodAccessorImpl.invoke(NativeMethodAccessorImpl.java:57)sun.reflect.DelegatingMethodAccessorImpl.invoke(DelegatingMethodAccessorImpl.java:43)java.lang.reflect.Method.invoke(Method.java:606)org.testng.internal.MethodInvocationHelper.invokeMethod(MethodInvocationHelper.java:85)org.testng.internal.Invoker.invokeMethod(Invoker.java:659)org.testng.internal.Invoker.invokeTestMethod(Invoker.java:845)org.testng.internal.Invoker.invokeTestMethods(Invoker.java:1153)org.testng.internal.TestMethodWorker.invokeTestMethods(TestMethodWorker.java:125)org.testng.internal.TestMethodWorker.run(TestMethodWorker.java:108)org.testng.TestRunner.privateRun(TestRunner.java:771)org.testng.TestRunner.run(TestRunner.java:621)org.testng.SuiteRunner.runTest(SuiteRunner.java:357)org.testng.SuiteRunner.runSequentially(SuiteRunner.java:352)org.testng.SuiteRunner.privateRun(SuiteRunner.java:310)org.testng.SuiteRunner.run(SuiteRunner.java:259)org.testng.SuiteRunnerWorker.runSuite(SuiteRunnerWorker.java:52)org.testng.SuiteRunnerWorker.run(SuiteRunnerWorker.java:86)org.testng.TestNG.runSuitesSequentially(TestNG.java:1199)org.testng.TestNG.runSuitesLocally(TestNG.java:1124)org.testng.TestNG.run(TestNG.java:1032)org.testng.remote.AbstractRemoteTestNG.run(AbstractRemoteTestNG.java:132)org.testng.remote.RemoteTestNG.initAndRun(RemoteTestNG.java:230)org.testng.remote.RemoteTestNG.main(RemoteTestNG.java:76)
  [ERROR] [10:06:21] com.gateside.autotesting.Lib.common.SimpleLogger - MESSSAGE: Attribute 'Active' does not have a match in class com.gateside.autotesting.Gat.dataobject.testcase.InterfaceStepsCase at line 1STACKTRACE: org.simpleframework.xml.core.Composite.readAttribute(Composite.java:494)org.simpleframework.xml.core.Composite.readAttributes(Composite.java:413)org.simpleframework.xml.core.Composite.access$300(Composite.java:59)org.simpleframework.xml.core.Composite$Builder.read(Composite.java:1382)org.simpleframework.xml.core.Composite.read(Composite.java:201)org.simpleframework.xml.core.Composite.read(Composite.java:148)org.simpleframework.xml.core.Traverser.read(Traverser.java:92)org.simpleframework.xml.core.Persister.read(Persister.java:625)org.simpleframework.xml.core.Persister.read(Persister.java:606)org.simpleframework.xml.core.Persister.read(Persister.java:584)org.simpleframework.xml.core.Persister.read(Persister.java:562)org.simpleframework.xml.core.Persister.read(Persister.java:499)org.simpleframework.xml.core.Persister.read(Persister.java:408)com.gateside.autotesting.Lib.xmlService.XMLSerializer.XMLToObject(XMLSerializer.java:48)com.gateside.autotesting.Gat.manager.InterfaceStepsCaseManager.getAllTestCase(InterfaceStepsCaseManager.java:44)com.gateside.autotesting.Gat.manager.InterfaceStepsCaseImporter.getItems(InterfaceStepsCaseImporter.java:80)com.gateside.autotesting.Gat.manager.InterfaceStepsCaseImporter.doImport(InterfaceStepsCaseImporter.java:40)com.gateside.autotesting.Gat.unittest.FileHelperTest.doImportTest(FileHelperTest.java:28)sun.reflect.NativeMethodAccessorImpl.invoke0(Native Method)sun.reflect.NativeMethodAccessorImpl.invoke(NativeMethodAccessorImpl.java:62)sun.reflect.DelegatingMethodAccessorImpl.invoke(DelegatingMethodAccessorImpl.java:43)java.lang.reflect.Method.invoke(Method.java:498)org.testng.internal.MethodInvocationHelper.invokeMethod(MethodInvocationHelper.java:85)org.testng.internal.Invoker.invokeMethod(Invoker.java:659)org.testng.internal.Invoker.invokeTestMethod(Invoker.java:845)org.testng.internal.Invoker.invokeTestMethods(Invoker.java:1153)org.testng.internal.TestMethodWorker.invokeTestMethods(TestMethodWorker.java:125)org.testng.internal.TestMethodWorker.run(TestMethodWorker.java:108)org.testng.TestRunner.privateRun(TestRunner.java:771)org.testng.TestRunner.run(TestRunner.java:621)org.testng.SuiteRunner.runTest(SuiteRunner.java:357)org.testng.SuiteRunner.runSequentially(SuiteRunner.java:352)org.testng.SuiteRunner.privateRun(SuiteRunner.java:310)org.testng.SuiteRunner.run(SuiteRunner.java:259)org.testng.SuiteRunnerWorker.runSuite(SuiteRunnerWorker.java:52)org.testng.SuiteRunnerWorker.run(SuiteRunnerWorker.java:86)org.testng.TestNG.runSuitesSequentially(TestNG.java:1199)org.testng.TestNG.runSuitesLocally(TestNG.java:1124)org.testng.TestNG.run(TestNG.java:1032)org.apache.maven.surefire.testng.TestNGExecutor.run(TestNGExecutor.java:77)org.apache.maven.surefire.testng.TestNGDirectoryTestSuite.executeMulti(TestNGDirectoryTestSuite.java:159)org.apache.maven.surefire.testng.TestNGDirectoryTestSuite.execute(TestNGDirectoryTestSuite.java:99)org.apache.maven.surefire.testng.TestNGProvider.invoke(TestNGProvider.java:106)sun.reflect.NativeMethodAccessorImpl.invoke0(Native Method)sun.reflect.NativeMethodAccessorImpl.invoke(NativeMethodAccessorImpl.java:62)sun.reflect.DelegatingMethodAccessorImpl.invoke(DelegatingMethodAccessorImpl.java:43)java.lang.reflect.Method.invoke(Method.java:498)org.apache.maven.surefire.util.ReflectionUtils.invokeMethodWithArray(ReflectionUtils.java:189)org.apache.maven.surefire.booter.ProviderFactory$ProviderProxy.invoke(ProviderFactory.java:165)org.apache.maven.surefire.booter.ProviderFactory.invokeProvider(ProviderFactory.java:85)org.apache.maven.surefire.booter.ForkedBooter.runSuitesInProcess(ForkedBooter.java:115)org.apache.maven.surefire.booter.ForkedBooter.main(ForkedBooter.java:75)
  [ERROR] [10:06:21] com.gateside.autotesting.Gat.manager.InterfaceStepsCaseImporter - MESSSAGE: nullSTACKTRACE: com.gateside.autotesting.Gat.manager.InterfaceStepsCaseManager.resetAssembly(InterfaceStepsCaseManager.java:82)com.gateside.autotesting.Gat.manager.InterfaceStepsCaseManager.formatTestCase(InterfaceStepsCaseManager.java:53)com.gateside.autotesting.Gat.manager.InterfaceStepsCaseManager.getAllTestCase(InterfaceStepsCaseManager.java:45)com.gateside.autotesting.Gat.manager.InterfaceStepsCaseImporter.getItems(InterfaceStepsCaseImporter.java:80)com.gateside.autotesting.Gat.manager.InterfaceStepsCaseImporter.doImport(InterfaceStepsCaseImporter.java:40)com.gateside.autotesting.Gat.unittest.FileHelperTest.doImportTest(FileHelperTest.java:28)sun.reflect.NativeMethodAccessorImpl.invoke0(Native Method)sun.reflect.NativeMethodAccessorImpl.invoke(NativeMethodAccessorImpl.java:62)sun.reflect.DelegatingMethodAccessorImpl.invoke(DelegatingMethodAccessorImpl.java:43)java.lang.reflect.Method.invoke(Method.java:498)org.testng.internal.MethodInvocationHelper.invokeMethod(MethodInvocationHelper.java:85)org.testng.internal.Invoker.invokeMethod(Invoker.java:659)org.testng.internal.Invoker.invokeTestMethod(Invoker.java:845)org.testng.internal.Invoker.invokeTestMethods(Invoker.java:1153)org.testng.internal.TestMethodWorker.invokeTestMethods(TestMethodWorker.java:125)org.testng.internal.TestMethodWorker.run(TestMethodWorker.java:108)org.testng.TestRunner.privateRun(TestRunner.java:771)org.testng.TestRunner.run(TestRunner.java:621)org.testng.SuiteRunner.runTest(SuiteRunner.java:357)org.testng.SuiteRunner.runSequentially(SuiteRunner.java:352)org.testng.SuiteRunner.privateRun(SuiteRunner.java:310)org.testng.SuiteRunner.run(SuiteRunner.java:259)org.testng.SuiteRunnerWorker.runSuite(SuiteRunnerWorker.java:52)org.testng.SuiteRunnerWorker.run(SuiteRunnerWorker.java:86)org.testng.TestNG.runSuitesSequentially(TestNG.java:1199)org.testng.TestNG.runSuitesLocally(TestNG.java:1124)org.testng.TestNG.run(TestNG.java:1032)org.apache.maven.surefire.testng.TestNGExecutor.run(TestNGExecutor.java:77)org.apache.maven.surefire.testng.TestNGDirectoryTestSuite.executeMulti(TestNGDirectoryTestSuite.java:159)org.apache.maven.surefire.testng.TestNGDirectoryTestSuite.execute(TestNGDirectoryTestSuite.java:99)org.apache.maven.surefire.testng.TestNGProvider.invoke(TestNGProvider.java:106)sun.reflect.NativeMethodAccessorImpl.invoke0(Native Method)sun.reflect.NativeMethodAccessorImpl.invoke(NativeMethodAccessorImpl.java:62)sun.reflect.DelegatingMethodAccessorImpl.invoke(DelegatingMethodAccessorImpl.java:43)java.lang.reflect.Method.invoke(Method.java:498)org.apache.maven.surefire.util.ReflectionUtils.invokeMethodWithArray(ReflectionUtils.java:189)org.apache.maven.surefire.booter.ProviderFactory$ProviderProxy.invoke(ProviderFactory.java:165)org.apache.maven.surefire.booter.ProviderFactory.invokeProvider(ProviderFactory.java:85)org.apache.maven.surefire.booter.ForkedBooter.runSuitesInProcess(ForkedBooter.java:115)org.apache.maven.surefire.booter.ForkedBooter.main(ForkedBooter.java:75)
  [ERROR] [10:06:42] com.gateside.autotesting.Lib.common.SimpleLogger - MESSSAGE: Attribute 'Active' does not have a match in class com.gateside.autotesting.Gat.dataobject.testcase.InterfaceStepsCase at line 1STACKTRACE: org.simpleframework.xml.core.Composite.readAttribute(Composite.java:494)org.simpleframework.xml.core.Composite.readAttributes(Composite.java:413)org.simpleframework.xml.core.Composite.access$300(Composite.java:59)org.simpleframework.xml.core.Composite$Builder.read(Composite.java:1382)org.simpleframework.xml.core.Composite.read(Composite.java:201)org.simpleframework.xml.core.Composite.read(Composite.java:148)org.simpleframework.xml.core.Traverser.read(Traverser.java:92)org.simpleframework.xml.core.Persister.read(Persister.java:625)org.simpleframework.xml.core.Persister.read(Persister.java:606)org.simpleframework.xml.core.Persister.read(Persister.java:584)org.simpleframework.xml.core.Persister.read(Persister.java:562)org.simpleframework.xml.core.Persister.read(Persister.java:499)org.simpleframework.xml.core.Persister.read(Persister.java:408)com.gateside.autotesting.Lib.xmlService.XMLSerializer.XMLToObject(XMLSerializer.java:48)com.gateside.autotesting.Gat.manager.InterfaceStepsCaseManager.getAllTestCase(InterfaceStepsCaseManager.java:44)com.gateside.autotesting.Gat.manager.InterfaceStepsCaseImporter.getItems(InterfaceStepsCaseImporter.java:80)com.gateside.autotesting.Gat.manager.InterfaceStepsCaseImporter.doImport(InterfaceStepsCaseImporter.java:40)com.gateside.autotesting.Gat.unittest.FileHelperTest.doImportTest(FileHelperTest.java:28)sun.reflect.NativeMethodAccessorImpl.invoke0(Native Method)sun.reflect.NativeMethodAccessorImpl.invoke(NativeMethodAccessorImpl.java:57)sun.reflect.DelegatingMethodAccessorImpl.invoke(DelegatingMethodAccessorImpl.java:43)java.lang.reflect.Method.invoke(Method.java:606)org.testng.internal.MethodInvocationHelper.invokeMethod(MethodInvocationHelper.java:85)org.testng.internal.Invoker.invokeMethod(Invoker.java:659)org.testng.internal.Invoker.invokeTestMethod(Invoker.java:845)org.testng.internal.Invoker.invokeTestMethods(Invoker.java:1153)org.testng.internal.TestMethodWorker.invokeTestMethods(TestMethodWorker.java:125)org.testng.internal.TestMethodWorker.run(TestMethodWorker.java:108)org.testng.TestRunner.privateRun(TestRunner.java:771)org.testng.TestRunner.run(TestRunner.java:621)org.testng.SuiteRunner.runTest(SuiteRunner.java:357)org.testng.SuiteRunner.runSequentially(SuiteRunner.java:352)org.testng.SuiteRunner.privateRun(SuiteRunner.java:310)org.testng.SuiteRunner.run(SuiteRunner.java:259)org.testng.SuiteRunnerWorker.runSuite(SuiteRunnerWorker.java:52)org.testng.SuiteRunnerWorker.run(SuiteRunnerWorker.java:86)org.testng.TestNG.runSuitesSequentially(TestNG.java:1199)org.testng.TestNG.runSuitesLocally(TestNG.java:1124)org.testng.TestNG.run(TestNG.java:1032)org.testng.remote.AbstractRemoteTestNG.run(AbstractRemoteTestNG.java:132)org.testng.remote.RemoteTestNG.initAndRun(RemoteTestNG.java:230)org.testng.remote.RemoteTestNG.main(RemoteTestNG.java:76)
  [ERROR] [10:06:42] com.gateside.autotesting.Gat.manager.InterfaceStepsCaseImporter - MESSSAGE: nullSTACKTRACE: com.gateside.autotesting.Gat.manager.InterfaceStepsCaseManager.resetAssembly(InterfaceStepsCaseManager.java:82)com.gateside.autotesting.Gat.manager.InterfaceStepsCaseManager.formatTestCase(InterfaceStepsCaseManager.java:53)com.gateside.autotesting.Gat.manager.InterfaceStepsCaseManager.getAllTestCase(InterfaceStepsCaseManager.java:45)com.gateside.autotesting.Gat.manager.InterfaceStepsCaseImporter.getItems(InterfaceStepsCaseImporter.java:80)com.gateside.autotesting.Gat.manager.InterfaceStepsCaseImporter.doImport(InterfaceStepsCaseImporter.java:40)com.gateside.autotesting.Gat.unittest.FileHelperTest.doImportTest(FileHelperTest.java:28)sun.reflect.NativeMethodAccessorImpl.invoke0(Native Method)sun.reflect.NativeMethodAccessorImpl.invoke(NativeMethodAccessorImpl.java:57)sun.reflect.DelegatingMethodAccessorImpl.invoke(DelegatingMethodAccessorImpl.java:43)java.lang.reflect.Method.invoke(Method.java:606)org.testng.internal.MethodInvocationHelper.invokeMethod(MethodInvocationHelper.java:85)org.testng.internal.Invoker.invokeMethod(Invoker.java:659)org.testng.internal.Invoker.invokeTestMethod(Invoker.java:845)org.testng.internal.Invoker.invokeTestMethods(Invoker.java:1153)org.testng.internal.TestMethodWorker.invokeTestMethods(TestMethodWorker.java:125)org.testng.internal.TestMethodWorker.run(TestMethodWorker.java:108)org.testng.TestRunner.privateRun(TestRunner.java:771)org.testng.TestRunner.run(TestRunner.java:621)org.testng.SuiteRunner.runTest(SuiteRunner.java:357)org.testng.SuiteRunner.runSequentially(SuiteRunner.java:352)org.testng.SuiteRunner.privateRun(SuiteRunner.java:310)org.testng.SuiteRunner.run(SuiteRunner.java:259)org.testng.SuiteRunnerWorker.runSuite(SuiteRunnerWorker.java:52)org.testng.SuiteRunnerWorker.run(SuiteRunnerWorker.java:86)org.testng.TestNG.runSuitesSequentially(TestNG.java:1199)org.testng.TestNG.runSuitesLocally(TestNG.java:1124)org.testng.TestNG.run(TestNG.java:1032)org.testng.remote.AbstractRemoteTestNG.run(AbstractRemoteTestNG.java:132)org.testng.remote.RemoteTestNG.initAndRun(RemoteTestNG.java:230)org.testng.remote.RemoteTestNG.main(RemoteTestNG.java:76)
  [ERROR] [10:08:09] com.gateside.autotesting.Lib.common.SimpleLogger - MESSSAGE: Attribute 'Active' does not have a match in class com.gateside.autotesting.Gat.dataobject.testcase.InterfaceStepsCase at line 1STACKTRACE: org.simpleframework.xml.core.Composite.readAttribute(Composite.java:494)org.simpleframework.xml.core.Composite.readAttributes(Composite.java:413)org.simpleframework.xml.core.Composite.access$300(Composite.java:59)org.simpleframework.xml.core.Composite$Builder.read(Composite.java:1382)org.simpleframework.xml.core.Composite.read(Composite.java:201)org.simpleframework.xml.core.Composite.read(Composite.java:148)org.simpleframework.xml.core.Traverser.read(Traverser.java:92)org.simpleframework.xml.core.Persister.read(Persister.java:625)org.simpleframework.xml.core.Persister.read(Persister.java:606)org.simpleframework.xml.core.Persister.read(Persister.java:584)org.simpleframework.xml.core.Persister.read(Persister.java:562)org.simpleframework.xml.core.Persister.read(Persister.java:499)org.simpleframework.xml.core.Persister.read(Persister.java:408)com.gateside.autotesting.Lib.xmlService.XMLSerializer.XMLToObject(XMLSerializer.java:48)com.gateside.autotesting.Gat.manager.InterfaceStepsCaseManager.getAllTestCase(InterfaceStepsCaseManager.java:44)com.gateside.autotesting.Gat.manager.InterfaceStepsCaseImporter.getItems(InterfaceStepsCaseImporter.java:80)com.gateside.autotesting.Gat.manager.InterfaceStepsCaseImporter.doImport(InterfaceStepsCaseImporter.java:40)com.gateside.autotesting.Gat.unittest.FileHelperTest.doImportTest(FileHelperTest.java:28)sun.reflect.NativeMethodAccessorImpl.invoke0(Native Method)sun.reflect.NativeMethodAccessorImpl.invoke(NativeMethodAccessorImpl.java:57)sun.reflect.DelegatingMethodAccessorImpl.invoke(DelegatingMethodAccessorImpl.java:43)java.lang.reflect.Method.invoke(Method.java:606)org.testng.internal.MethodInvocationHelper.invokeMethod(MethodInvocationHelper.java:85)org.testng.internal.Invoker.invokeMethod(Invoker.java:659)org.testng.internal.Invoker.invokeTestMethod(Invoker.java:845)org.testng.internal.Invoker.invokeTestMethods(Invoker.java:1153)org.testng.internal.TestMethodWorker.invokeTestMethods(TestMethodWorker.java:125)org.testng.internal.TestMethodWorker.run(TestMethodWorker.java:108)org.testng.TestRunner.privateRun(TestRunner.java:771)org.testng.TestRunner.run(TestRunner.java:621)org.testng.SuiteRunner.runTest(SuiteRunner.java:357)org.testng.SuiteRunner.runSequentially(SuiteRunner.java:352)org.testng.SuiteRunner.privateRun(SuiteRunner.java:310)org.testng.SuiteRunner.run(SuiteRunner.java:259)org.testng.SuiteRunnerWorker.runSuite(SuiteRunnerWorker.java:52)org.testng.SuiteRunnerWorker.run(SuiteRunnerWorker.java:86)org.testng.TestNG.runSuitesSequentially(TestNG.java:1199)org.testng.TestNG.runSuitesLocally(TestNG.java:1124)org.testng.TestNG.run(TestNG.java:1032)org.testng.remote.AbstractRemoteTestNG.run(AbstractRemoteTestNG.java:132)org.testng.remote.RemoteTestNG.initAndRun(RemoteTestNG.java:230)org.testng.remote.RemoteTestNG.main(RemoteTestNG.java:76)
  [ERROR] [10:08:09] com.gateside.autotesting.Gat.manager.InterfaceStepsCaseImporter - MESSSAGE: nullSTACKTRACE: com.gateside.autotesting.Gat.manager.InterfaceStepsCaseManager.resetAssembly(InterfaceStepsCaseManager.java:82)com.gateside.autotesting.Gat.manager.InterfaceStepsCaseManager.formatTestCase(InterfaceStepsCaseManager.java:53)com.gateside.autotesting.Gat.manager.InterfaceStepsCaseManager.getAllTestCase(InterfaceStepsCaseManager.java:45)com.gateside.autotesting.Gat.manager.InterfaceStepsCaseImporter.getItems(InterfaceStepsCaseImporter.java:80)com.gateside.autotesting.Gat.manager.InterfaceStepsCaseImporter.doImport(InterfaceStepsCaseImporter.java:40)com.gateside.autotesting.Gat.unittest.FileHelperTest.doImportTest(FileHelperTest.java:28)sun.reflect.NativeMethodAccessorImpl.invoke0(Native Method)sun.reflect.NativeMethodAccessorImpl.invoke(NativeMethodAccessorImpl.java:57)sun.reflect.DelegatingMethodAccessorImpl.invoke(DelegatingMethodAccessorImpl.java:43)java.lang.reflect.Method.invoke(Method.java:606)org.testng.internal.MethodInvocationHelper.invokeMethod(MethodInvocationHelper.java:85)org.testng.internal.Invoker.invokeMethod(Invoker.java:659)org.testng.internal.Invoker.invokeTestMethod(Invoker.java:845)org.testng.internal.Invoker.invokeTestMethods(Invoker.java:1153)org.testng.internal.TestMethodWorker.invokeTestMethods(TestMethodWorker.java:125)org.testng.internal.TestMethodWorker.run(TestMethodWorker.java:108)org.testng.TestRunner.privateRun(TestRunner.java:771)org.testng.TestRunner.run(TestRunner.java:621)org.testng.SuiteRunner.runTest(SuiteRunner.java:357)org.testng.SuiteRunner.runSequentially(SuiteRunner.java:352)org.testng.SuiteRunner.privateRun(SuiteRunner.java:310)org.testng.SuiteRunner.run(SuiteRunner.java:259)org.testng.SuiteRunnerWorker.runSuite(SuiteRunnerWorker.java:52)org.testng.SuiteRunnerWorker.run(SuiteRunnerWorker.java:86)org.testng.TestNG.runSuitesSequentially(TestNG.java:1199)org.testng.TestNG.runSuitesLocally(TestNG.java:1124)org.testng.TestNG.run(TestNG.java:1032)org.testng.remote.AbstractRemoteTestNG.run(AbstractRemoteTestNG.java:132)org.testng.remote.RemoteTestNG.initAndRun(RemoteTestNG.java:230)org.testng.remote.RemoteTestNG.main(RemoteTestNG.java:76)
  